<?xml version="1.0" encoding="UTF-8"?>
<testsuite xmlns:xsi="http://www.w3.org/2001/XMLSchema-instance" xsi:noNamespaceSchemaLocation="https://maven.apache.org/surefire/maven-surefire-plugin/xsd/surefire-test-report-3.0.xsd" version="3.0" name="com.shivaji.AppTest" time="1.863" tests="1" errors="0" skipped="0" failures="0">
  <properties>
[...]
</properties>
  <testcase name="testApp" classname="com.shivaji.AppTest" time="1.846">
    <system-out><![CDATA[ENO	ENAME	ESAL	EADDR
----------------------------
111	AAA	2000.0	Hyd
222	BBB	2500.0	Goa
333	CCC	3000.0	Leh
444	DDD	3500.0	Delhi
555	EEE	4000.0	Patna
]]></system-out>
  </testcase>
</testsuite>